<?xml version="1.0" encoding="UTF-8"?>
<testng-results total="1" passed="1" failed="0" skipped="0">
  <reporter-output>
    <line>
      <![CDATA[Test Case Passed: Form Submitted Successfully]]>
    </line>
  </reporter-output>
  <suite started-at="2025-11-06T10:41:31Z" name="Test Suite for Buildout" finished-at="2025-11-06T10:41:37Z" duration-ms="6598">
    <groups>
    </groups>
    <test started-at="2025-11-06T10:41:31Z" name="Test Cases for Buildout" finished-at="2025-11-06T10:41:37Z" duration-ms="6598">
      <class name="demo.TestCases">
        <test-method is-config="true" signature="startBrowser()[pri:0, instance:demo.TestCases@6da00fb9]" started-at="2025-11-06T16:11:31Z" name="startBrowser" finished-at="2025-11-06T16:11:32Z" duration-ms="1413" status="PASS">
          <reporter-output>
          </reporter-output>
        </test-method> <!-- startBrowser -->
        <test-method signature="testCase01()[pri:0, instance:demo.TestCases@6da00fb9]" started-at="2025-11-06T16:11:32Z" name="testCase01" finished-at="2025-11-06T16:11:37Z" duration-ms="4920" status="PASS">
          <reporter-output>
            <line>
              <![CDATA[Test Case Passed: Form Submitted Successfully]]>
            </line>
          </reporter-output>
        </test-method> <!-- testCase01 -->
        <test-method is-config="true" signature="endTest()[pri:0, instance:demo.TestCases@6da00fb9]" started-at="2025-11-06T16:11:37Z" name="endTest" finished-at="2025-11-06T16:11:37Z" duration-ms="257" status="PASS">
          <reporter-output>
          </reporter-output>
        </test-method> <!-- endTest -->
      </class> <!-- demo.TestCases -->
    </test> <!-- Test Cases for Buildout -->
  </suite> <!-- Test Suite for Buildout -->
</testng-results>
